0 info it worked if it ends with ok
1 verbose cli [ 'C:\\Program Files\\nodejs\\node.exe',
1 verbose cli   'C:\\Program Files\\nodejs\\node_modules\\npm\\bin\\npm-cli.js',
1 verbose cli   'run',
1 verbose cli   'testing' ]
2 info using npm@2.15.0
3 info using node@v4.4.2
4 verbose run-script [ 'pretesting', 'testing', 'posttesting' ]
5 info pretesting angular2-typescript-shoping-cart@1.0.0
6 info testing angular2-typescript-shoping-cart@1.0.0
7 verbose unsafe-perm in lifecycle true
8 info angular2-typescript-shoping-cart@1.0.0 Failed to exec testing script
9 verbose stack Error: angular2-typescript-shoping-cart@1.0.0 testing: `live-server --open=index.html`
9 verbose stack Exit status 1
9 verbose stack     at EventEmitter.<anonymous> (C:\Program Files\nodejs\node_modules\npm\lib\utils\lifecycle.js:217:16)
9 verbose stack     at emitTwo (events.js:87:13)
9 verbose stack     at EventEmitter.emit (events.js:172:7)
9 verbose stack     at ChildProcess.<anonymous> (C:\Program Files\nodejs\node_modules\npm\lib\utils\spawn.js:24:14)
9 verbose stack     at emitTwo (events.js:87:13)
9 verbose stack     at ChildProcess.emit (events.js:172:7)
9 verbose stack     at maybeClose (internal/child_process.js:827:16)
9 verbose stack     at Process.ChildProcess._handle.onexit (internal/child_process.js:211:5)
10 verbose pkgid angular2-typescript-shoping-cart@1.0.0
11 verbose cwd C:\Users\lahdejes\code\angular2-typescript-shoping-cart
12 error Windows_NT 6.3.9600
13 error argv "C:\\Program Files\\nodejs\\node.exe" "C:\\Program Files\\nodejs\\node_modules\\npm\\bin\\npm-cli.js" "run" "testing"
14 error node v4.4.2
15 error npm  v2.15.0
16 error code ELIFECYCLE
17 error angular2-typescript-shoping-cart@1.0.0 testing: `live-server --open=index.html`
17 error Exit status 1
18 error Failed at the angular2-typescript-shoping-cart@1.0.0 testing script 'live-server --open=index.html'.
18 error This is most likely a problem with the angular2-typescript-shoping-cart package,
18 error not with npm itself.
18 error Tell the author that this fails on your system:
18 error     live-server --open=index.html
18 error You can get information on how to open an issue for this project with:
18 error     npm bugs angular2-typescript-shoping-cart
18 error Or if that isn't available, you can get their info via:
18 error
18 error     npm owner ls angular2-typescript-shoping-cart
18 error There is likely additional logging output above.
19 verbose exit [ 1, true ]
